#
# A fatal error has been detected by the Java Runtime Environment:
#
#  Internal Error (javaCalls.cpp:51), pid=2555, tid=11267
#  guarantee(thread->is_Java_thread()) failed: crucial check - the VM thread cannot and must not escape to Java code
#
# JRE version: Java(TM) SE Runtime Environment (8.0_74-b02) (build 1.8.0_74-b02)
# Java VM: Java HotSpot(TM) 64-Bit Server VM (25.74-b02 mixed mode bsd-amd64 compressed oops)
# Failed to write core dump. Core dumps have been disabled. To enable core dumping, try "ulimit -c unlimited" before starting Java again
#
# If you would like to submit a bug report, please visit:
#   http://bugreport.java.com/bugreport/crash.jsp
#

---------------  T H R E A D  ---------------

Current thread (0x00007ff6c200a800):  VMThread [stack: 0x0000700000629000,0x0000700000729000] [id=11267]

Stack: [0x0000700000629000,0x0000700000729000],  sp=0x0000700000727b00,  free space=1018k
Native frames: (J=compiled Java code, j=interpreted, Vv=VM code, C=native code)
V  [libjvm.dylib+0x5a6046]
V  [libjvm.dylib+0x1e59b3]
V  [libjvm.dylib+0x2e9a40]
V  [libjvm.dylib+0x2ea2f8]
V  [libjvm.dylib+0x2ea816]
V  [libjvm.dylib+0x23f8ab]
V  [libjvm.dylib+0x23f9a6]
V  [libjvm.dylib+0x23fc05]
V  [libjvm.dylib+0x23fc20]
V  [libjvm.dylib+0x282f7f]
V  [libjvm.dylib+0x28344b]
V  [libjvm.dylib+0x283499]
V  [libjvm.dylib+0x285be4]
V  [libjvm.dylib+0x285e33]
V  [libjvm.dylib+0x2863ca]
V  [libjvm.dylib+0x2867e3]
V  [libjvm.dylib+0x479f2d]
V  [libjvm.dylib+0x47a136]
V  [libjvm.dylib+0x47a669]
V  [libjvm.dylib+0x2bd3a0]
V  [libjvm.dylib+0x44859d]
V  [libjvm.dylib+0x394c5b]
V  [libjvm.dylib+0x5adb31]
V  [libjvm.dylib+0x5ac19b]
V  [libjvm.dylib+0x5ac5e8]
V  [libjvm.dylib+0x5abf07]
V  [libjvm.dylib+0x482eda]
C  [libsystem_pthread.dylib+0x3c13]  _pthread_body+0x83
C  [libsystem_pthread.dylib+0x3b90]  _pthread_body+0x0
C  [libsystem_pthread.dylib+0x1375]  thread_start+0xd

VM_Operation (0x0000700000bb7958): GetOrSetLocal, mode: safepoint, requested by thread 0x00007ff6c3028800


---------------  P R O C E S S  ---------------

Java Threads: ( => current thread )
  0x00007ff6c3086800 JavaThread "ReaderThread" [_thread_in_native, id=20739, stack(0x00007000012d0000,0x00007000013d0000)]
  0x00007ff6c2004000 JavaThread "Service Thread" daemon [_thread_blocked, id=19715, stack(0x00007000010ca000,0x00007000011ca000)]
  0x00007ff6c1865800 JavaThread "C1 CompilerThread2" daemon [_thread_blocked, id=19203, stack(0x0000700000fc7000,0x00007000010c7000)]
  0x00007ff6c3019800 JavaThread "C2 CompilerThread1" daemon [_thread_blocked, id=18691, stack(0x0000700000ec4000,0x0000700000fc4000)]
  0x00007ff6c301a800 JavaThread "C2 CompilerThread0" daemon [_thread_blocked, id=18179, stack(0x0000700000dc1000,0x0000700000ec1000)]
  0x00007ff6c302a000 JavaThread "JDWP Command Reader" daemon [_thread_in_native, id=17667, stack(0x0000700000cbe000,0x0000700000dbe000)]
  0x00007ff6c3029800 JavaThread "JDWP Event Helper Thread" daemon [_thread_blocked, id=17155, stack(0x0000700000bbb000,0x0000700000cbb000)]
  0x00007ff6c3028800 JavaThread "JDWP Transport Listener: dt_socket" daemon [_thread_blocked, id=16643, stack(0x0000700000ab8000,0x0000700000bb8000)]
  0x00007ff6c1823800 JavaThread "Signal Dispatcher" daemon [_thread_blocked, id=15119, stack(0x00007000009b5000,0x0000700000ab5000)]
  0x00007ff6c1804000 JavaThread "Finalizer" daemon [_thread_blocked, id=12291, stack(0x000070000082f000,0x000070000092f000)]
  0x00007ff6c200d800 JavaThread "Reference Handler" daemon [_thread_blocked, id=11779, stack(0x000070000072c000,0x000070000082c000)]
  0x00007ff6c180d000 JavaThread "main" [_thread_blocked, id=5891, stack(0x000070000011a000,0x000070000021a000)]

Other Threads:
=>0x00007ff6c200a800 VMThread [stack: 0x0000700000629000,0x0000700000729000] [id=11267]
  0x00007ff6c200f000 WatcherThread [stack: 0x00007000011cd000,0x00007000012cd000] [id=20227]

VM state:at safepoint (normal execution)

VM Mutex/Monitor currently owned by a thread:  ([mutex/lock_event])
[0x00007ff6c16033c0] Threads_lock - owner thread: 0x00007ff6c200a800

Heap:
 PSYoungGen      total 379392K, used 314871K [0x0000000795580000, 0x00000007bd800000, 0x00000007c0000000)
  eden space 146432K, 90% used [0x0000000795580000,0x000000079d6e6748,0x000000079e480000)
  from space 232960K, 78% used [0x000000079e480000,0x00000007a9697630,0x00000007ac800000)
  to   space 232960K, 0% used [0x00000007af480000,0x00000007af480000,0x00000007bd800000)
 ParOldGen       total 700416K, used 490338K [0x0000000740000000, 0x000000076ac00000, 0x0000000795580000)
  object space 700416K, 70% used [0x0000000740000000,0x000000075ded89c8,0x000000076ac00000)
 Metaspace       used 19578K, capacity 20044K, committed 20096K, reserved 1067008K
  class space    used 2260K, capacity 2400K, committed 2432K, reserved 1048576K

Card table byte_map: [0x0000000111f4f000,0x0000000112350000] byte_map_base: 0x000000010e54f000

Marking Bits: (ParMarkBitMap*) 0x00000001024e3ea0
 Begin Bits: [0x00000001125fb000, 0x00000001145fb000)
 End Bits:   [0x00000001145fb000, 0x00000001165fb000)

Polling page: 0x0000000101293000

CodeCache: size=245760Kb used=9623Kb max_used=10238Kb free=236136Kb
 bounds [0x0000000102b8f000, 0x000000010359f000, 0x0000000111b8f000]
 total_blobs=2789 nmethods=2411 adapters=299
 compilation: enabled

Compilation events (10 events):
Event: 19.496 Thread 0x00007ff6c301a800 nmethod 2668 0x0000000102e97d50 code [0x0000000102e98680, 0x0000000102e9cb80]
Event: 19.496 Thread 0x00007ff6c301a800 2696       4       java.lang.AbstractStringBuilder::append (50 bytes)
Event: 19.500 Thread 0x00007ff6c301a800 nmethod 2696 0x0000000102e03a90 code [0x0000000102e03c20, 0x0000000102e04128]
Event: 19.500 Thread 0x00007ff6c301a800 2708       4       edu.stanford.nlp.trees.TreeGraphNode::label (5 bytes)
Event: 19.501 Thread 0x00007ff6c301a800 nmethod 2708 0x0000000102fbf550 code [0x0000000102fbf6a0, 0x0000000102fbf718]
Event: 19.501 Thread 0x00007ff6c301a800 2721       4       edu.stanford.nlp.trees.tregex.DescriptionPattern$DescriptionMatcher::matchChild (95 bytes)
Event: 19.541 Thread 0x00007ff6c301a800 nmethod 2721 0x0000000102d3b010 code [0x0000000102d3b340, 0x0000000102d3c718]
Event: 19.541 Thread 0x00007ff6c301a800 2697       4       java.lang.Class::getName (21 bytes)
Event: 19.542 Thread 0x00007ff6c301a800 nmethod 2697 0x0000000102f30e10 code [0x0000000102f30f60, 0x0000000102f31008]
Event: 19.578 Thread 0x00007ff6c3019800 nmethod 2691 0x0000000102f537d0 code [0x0000000102f53e40, 0x0000000102f58508]

GC Heap History (10 events):
Event: 15.244 GC heap before
{Heap before GC invocations=15 (full 3):
 PSYoungGen      total 299520K, used 299502K [0x0000000795580000, 0x00000007b8e80000, 0x00000007c0000000)
  eden space 119296K, 100% used [0x0000000795580000,0x000000079ca00000,0x000000079ca00000)
  from space 180224K, 99% used [0x000000079ca00000,0x00000007a79fbb48,0x00000007a7a00000)
  to   space 219648K, 0% used [0x00000007ab800000,0x00000007ab800000,0x00000007b8e80000)
 ParOldGen       total 444416K, used 316819K [0x0000000740000000, 0x000000075b200000, 0x0000000795580000)
  object space 444416K, 71% used [0x0000000740000000,0x0000000753564ed0,0x000000075b200000)
 Metaspace       used 15999K, capacity 16416K, committed 16640K, reserved 1064960K
  class space    used 1898K, capacity 2008K, committed 2048K, reserved 1048576K
Event: 15.435 GC heap after
Heap after GC invocations=15 (full 3):
 PSYoungGen      total 337408K, used 78930K [0x0000000795580000, 0x00000007b7700000, 0x00000007c0000000)
  eden space 141824K, 0% used [0x0000000795580000,0x0000000795580000,0x000000079e000000)
  from space 195584K, 40% used [0x00000007ab800000,0x00000007b0514a80,0x00000007b7700000)
  to   space 208384K, 0% used [0x000000079e000000,0x000000079e000000,0x00000007aab80000)
 ParOldGen       total 444416K, used 432132K [0x0000000740000000, 0x000000075b200000, 0x0000000795580000)
  object space 444416K, 97% used [0x0000000740000000,0x000000075a6011e0,0x000000075b200000)
 Metaspace       used 15999K, capacity 16416K, committed 16640K, reserved 1064960K
  class space    used 1898K, capacity 2008K, committed 2048K, reserved 1048576K
}
Event: 15.435 GC heap before
{Heap before GC invocations=16 (full 4):
 PSYoungGen      total 337408K, used 78930K [0x0000000795580000, 0x00000007b7700000, 0x00000007c0000000)
  eden space 141824K, 0% used [0x0000000795580000,0x0000000795580000,0x000000079e000000)
  from space 195584K, 40% used [0x00000007ab800000,0x00000007b0514a80,0x00000007b7700000)
  to   space 208384K, 0% used [0x000000079e000000,0x000000079e000000,0x00000007aab80000)
 ParOldGen       total 444416K, used 432132K [0x0000000740000000, 0x000000075b200000, 0x0000000795580000)
  object space 444416K, 97% used [0x0000000740000000,0x000000075a6011e0,0x000000075b200000)
 Metaspace       used 15999K, capacity 16416K, committed 16640K, reserved 1064960K
  class space    used 1898K, capacity 2008K, committed 2048K, reserved 1048576K
Event: 16.818 GC heap after
Heap after GC invocations=16 (full 4):
 PSYoungGen      total 337408K, used 48926K [0x0000000795580000, 0x00000007b7700000, 0x00000007c0000000)
  eden space 141824K, 0% used [0x0000000795580000,0x0000000795580000,0x000000079e000000)
  from space 195584K, 25% used [0x00000007ab800000,0x00000007ae7c7b28,0x00000007b7700000)
  to   space 208384K, 0% used [0x000000079e000000,0x000000079e000000,0x00000007aab80000)
 ParOldGen       total 700416K, used 444202K [0x0000000740000000, 0x000000076ac00000, 0x0000000795580000)
  object space 700416K, 63% used [0x0000000740000000,0x000000075b1ca9c8,0x000000076ac00000)
 Metaspace       used 15999K, capacity 16416K, committed 16640K, reserved 1064960K
  class space    used 1898K, capacity 2008K, committed 2048K, reserved 1048576K
}
Event: 17.479 GC heap before
{Heap before GC invocations=17 (full 4):
 PSYoungGen      total 337408K, used 190750K [0x0000000795580000, 0x00000007b7700000, 0x00000007c0000000)
  eden space 141824K, 100% used [0x0000000795580000,0x000000079e000000,0x000000079e000000)
  from space 195584K, 25% used [0x00000007ab800000,0x00000007ae7c7b28,0x00000007b7700000)
  to   space 208384K, 0% used [0x000000079e000000,0x000000079e000000,0x00000007aab80000)
 ParOldGen       total 700416K, used 444202K [0x0000000740000000, 0x000000076ac00000, 0x0000000795580000)
  object space 700416K, 63% used [0x0000000740000000,0x000000075b1ca9c8,0x000000076ac00000)
 Metaspace       used 16745K, capacity 17174K, committed 17536K, reserved 1064960K
  class space    used 1962K, capacity 2065K, committed 2176K, reserved 1048576K
Event: 17.692 GC heap after
Heap after GC invocations=17 (full 4):
 PSYoungGen      total 350208K, used 124943K [0x0000000795580000, 0x00000007b9500000, 0x00000007c0000000)
  eden space 141824K, 0% used [0x0000000795580000,0x0000000795580000,0x000000079e000000)
  from space 208384K, 59% used [0x000000079e000000,0x00000007a5a03f68,0x00000007aab80000)
  to   space 209920K, 0% used [0x00000007ac800000,0x00000007ac800000,0x00000007b9500000)
 ParOldGen       total 700416K, used 444210K [0x0000000740000000, 0x000000076ac00000, 0x0000000795580000)
  object space 700416K, 63% used [0x0000000740000000,0x000000075b1cc9c8,0x000000076ac00000)
 Metaspace       used 16745K, capacity 17174K, committed 17536K, reserved 1064960K
  class space    used 1962K, capacity 2065K, committed 2176K, reserved 1048576K
}
Event: 17.973 GC heap before
{Heap before GC invocations=18 (full 4):
 PSYoungGen      total 350208K, used 255974K [0x0000000795580000, 0x00000007b9500000, 0x00000007c0000000)
  eden space 141824K, 92% used [0x0000000795580000,0x000000079d575920,0x000000079e000000)
  from space 208384K, 59% used [0x000000079e000000,0x00000007a5a03f68,0x00000007aab80000)
  to   space 209920K, 0% used [0x00000007ac800000,0x00000007ac800000,0x00000007b9500000)
 ParOldGen       total 700416K, used 444210K [0x0000000740000000, 0x000000076ac00000, 0x0000000795580000)
  object space 700416K, 63% used [0x0000000740000000,0x000000075b1cc9c8,0x000000076ac00000)
 Metaspace       used 16745K, capacity 17174K, committed 17536K, reserved 1064960K
  class space    used 1962K, capacity 2065K, committed 2176K, reserved 1048576K
Event: 18.182 GC heap after
Heap after GC invocations=18 (full 4):
 PSYoungGen      total 356352K, used 193773K [0x0000000795580000, 0x00000007bcc80000, 0x00000007c0000000)
  eden space 146432K, 0% used [0x0000000795580000,0x0000000795580000,0x000000079e480000)
  from space 209920K, 92% used [0x00000007ac800000,0x00000007b853b690,0x00000007b9500000)
  to   space 232960K, 0% used [0x000000079e480000,0x000000079e480000,0x00000007ac800000)
 ParOldGen       total 700416K, used 444210K [0x0000000740000000, 0x000000076ac00000, 0x0000000795580000)
  object space 700416K, 63% used [0x0000000740000000,0x000000075b1cc9c8,0x000000076ac00000)
 Metaspace       used 16745K, capacity 17174K, committed 17536K, reserved 1064960K
  class space    used 1962K, capacity 2065K, committed 2176K, reserved 1048576K
}
Event: 18.538 GC heap before
{Heap before GC invocations=19 (full 4):
 PSYoungGen      total 356352K, used 338180K [0x0000000795580000, 0x00000007bcc80000, 0x00000007c0000000)
  eden space 146432K, 98% used [0x0000000795580000,0x000000079e285c38,0x000000079e480000)
  from space 209920K, 92% used [0x00000007ac800000,0x00000007b853b690,0x00000007b9500000)
  to   space 232960K, 0% used [0x000000079e480000,0x000000079e480000,0x00000007ac800000)
 ParOldGen       total 700416K, used 444210K [0x0000000740000000, 0x000000076ac00000, 0x0000000795580000)
  object space 700416K, 63% used [0x0000000740000000,0x000000075b1cc9c8,0x000000076ac00000)
 Metaspace       used 16745K, capacity 17174K, committed 17536K, reserved 1064960K
  class space    used 1962K, capacity 2065K, committed 2176K, reserved 1048576K
Event: 18.790 GC heap after
Heap after GC invocations=19 (full 4):
 PSYoungGen      total 379392K, used 182365K [0x0000000795580000, 0x00000007bd800000, 0x00000007c0000000)
  eden space 146432K, 0% used [0x0000000795580000,0x0000000795580000,0x000000079e480000)
  from space 232960K, 78% used [0x000000079e480000,0x00000007a9697630,0x00000007ac800000)
  to   space 232960K, 0% used [0x00000007af480000,0x00000007af480000,0x00000007bd800000)
 ParOldGen       total 700416K, used 490338K [0x0000000740000000, 0x000000076ac00000, 0x0000000795580000)
  object space 700416K, 70% used [0x0000000740000000,0x000000075ded89c8,0x000000076ac00000)
 Metaspace       used 16745K, capacity 17174K, committed 17536K, reserved 1064960K
  class space    used 1962K, capacity 2065K, committed 2176K, reserved 1048576K
}

Deoptimization events (10 events):
Event: 19.246 Thread 0x00007ff6c180d000 Uncommon trap: reason=bimorphic action=maybe_recompile pc=0x00000001035779cc method=java.util.regex.Pattern$Branch.match(Ljava/util/regex/Matcher;ILjava/lang/CharSequence;)Z @ 32
Event: 19.271 Thread 0x00007ff6c180d000 Uncommon trap: reason=unstable_if action=reinterpret pc=0x00000001034d0d84 method=java.util.regex.Pattern$SliceI.match(Ljava/util/regex/Matcher;ILjava/lang/CharSequence;)Z @ 18
Event: 19.277 Thread 0x00007ff6c180d000 Uncommon trap: reason=unstable_if action=reinterpret pc=0x000000010335c508 method=java.util.regex.Pattern$BmpCharProperty.match(Ljava/util/regex/Matcher;ILjava/lang/CharSequence;)Z @ 34
Event: 19.297 Thread 0x00007ff6c180d000 Uncommon trap: reason=unstable_if action=reinterpret pc=0x0000000102ec55ec method=java.util.HashMap.hash(Ljava/lang/Object;)I @ 1
Event: 19.298 Thread 0x00007ff6c180d000 Uncommon trap: reason=unstable_if action=reinterpret pc=0x0000000102e8022c method=java.util.HashMap.hash(Ljava/lang/Object;)I @ 1
Event: 19.370 Thread 0x00007ff6c180d000 Uncommon trap: reason=unstable_if action=reinterpret pc=0x00000001035903a0 method=edu.stanford.nlp.trees.tregex.TregexParserTokenManager.jjMoveNfa_0(II)I @ 281
Event: 19.414 Thread 0x00007ff6c180d000 Uncommon trap: reason=bimorphic action=maybe_recompile pc=0x0000000103462a64 method=java.util.AbstractList.hashCode()I @ 3
Event: 19.418 Thread 0x00007ff6c180d000 Uncommon trap: reason=bimorphic action=maybe_recompile pc=0x0000000103462a64 method=java.util.AbstractList.hashCode()I @ 3
Event: 19.461 Thread 0x00007ff6c180d000 Uncommon trap: reason=unstable_if action=reinterpret pc=0x0000000102d2454c method=java.lang.String.lastIndexOf([CII[CIII)I @ 118
Event: 453.445 Thread 0x00007ff6c180d000 Uncommon trap: reason=null_check action=make_not_entrant pc=0x0000000102e32308 method=edu.stanford.nlp.ling.CoreLabel.value()Ljava/lang/String; @ 6

Internal exceptions (10 events):
Event: 13.776 Thread 0x00007ff6c180d000 Exception <a 'java/lang/ArrayIndexOutOfBoundsException': 62> (0x00000007983f3a28) thrown at [/Users/java_re/workspace/8-2-build-macosx-x86_64/jdk8u74/6087/hotspot/src/share/vm/interpreter/interpreterRuntime.cpp, line 366]
Event: 15.119 Thread 0x00007ff6c180d000 Implicit null exception at 0x0000000102db3af6 to 0x0000000102db3fb1
Event: 18.969 Thread 0x00007ff6c180d000 Implicit null exception at 0x0000000102d714f6 to 0x0000000102d7195d
Event: 18.986 Thread 0x00007ff6c180d000 Exception <a 'java/lang/NoSuchMethodError': java.lang.Object.lambda$static$50(Ledu/stanford/nlp/util/HasInterval;Ledu/stanford/nlp/util/HasInterval;)I> (0x000000079970d928) thrown at [/Users/java_re/workspace/8-2-build-macosx-x86_64/jdk8u74/6087/hotspot/s
Event: 18.987 Thread 0x00007ff6c180d000 Exception <a 'java/lang/NoSuchMethodError': java.lang.Object.lambda$static$51(Ledu/stanford/nlp/util/HasInterval;Ledu/stanford/nlp/util/HasInterval;)I> (0x0000000799711118) thrown at [/Users/java_re/workspace/8-2-build-macosx-x86_64/jdk8u74/6087/hotspot/s
Event: 18.987 Thread 0x00007ff6c180d000 Exception <a 'java/lang/NoSuchMethodError': java.lang.Object.lambda$static$52(Ledu/stanford/nlp/util/HasInterval;Ledu/stanford/nlp/util/HasInterval;)I> (0x00000007997142d8) thrown at [/Users/java_re/workspace/8-2-build-macosx-x86_64/jdk8u74/6087/hotspot/s
Event: 18.988 Thread 0x00007ff6c180d000 Exception <a 'java/lang/NoSuchMethodError': java.lang.Object.lambda$static$53(Ledu/stanford/nlp/util/HasInterval;Ledu/stanford/nlp/util/HasInterval;)I> (0x0000000799717498) thrown at [/Users/java_re/workspace/8-2-build-macosx-x86_64/jdk8u74/6087/hotspot/s
Event: 18.989 Thread 0x00007ff6c180d000 Exception <a 'java/lang/NoSuchMethodError': java.lang.Object.lambda$static$54(Ledu/stanford/nlp/util/HasInterval;Ledu/stanford/nlp/util/HasInterval;)I> (0x000000079971a658) thrown at [/Users/java_re/workspace/8-2-build-macosx-x86_64/jdk8u74/6087/hotspot/s
Event: 19.297 Thread 0x00007ff6c180d000 Implicit null exception at 0x0000000102ec51f5 to 0x0000000102ec55dd
Event: 19.298 Thread 0x00007ff6c180d000 Implicit null exception at 0x0000000102e8012f to 0x0000000102e8021d

Events (10 events):
Event: 759.935 Executing VM operation: ChangeBreakpoints done
Event: 759.937 Executing VM operation: EnterInterpOnlyMode
Event: 759.937 Executing VM operation: EnterInterpOnlyMode done
Event: 759.937 Executing VM operation: GetCurrentLocation
Event: 759.937 Executing VM operation: GetCurrentLocation done
Event: 759.937 Executing VM operation: ChangeSingleStep
Event: 759.937 Executing VM operation: ChangeSingleStep done
Event: 759.937 Executing VM operation: ChangeSingleStep
Event: 759.938 Executing VM operation: ChangeSingleStep done
Event: 761.197 Executing VM operation: GetOrSetLocal


Dynamic libraries:
0x000000000b1e5000 	/System/Library/Frameworks/Cocoa.framework/Versions/A/Cocoa
0x000000000b1e5000 	/System/Library/Frameworks/Security.framework/Versions/A/Security
0x000000000b1e5000 	/System/Library/Frameworks/ApplicationServices.framework/Versions/A/ApplicationServices
0x000000000b1e5000 	/usr/lib/libz.1.dylib
0x000000000b1e5000 	/usr/lib/libSystem.B.dylib
0x000000000b1e5000 	/usr/lib/libobjc.A.dylib
0x000000000b1e5000 	/System/Library/Frameworks/CoreFoundation.framework/Versions/A/CoreFoundation
0x000000000b1e5000 	/System/Library/Frameworks/Foundation.framework/Versions/C/Foundation
0x000000000b1e5000 	/System/Library/Frameworks/AppKit.framework/Versions/C/AppKit
0x000000000b1e5000 	/System/Library/Frameworks/CoreData.framework/Versions/A/CoreData
0x000000000b1e5000 	/System/Library/PrivateFrameworks/RemoteViewServices.framework/Versions/A/RemoteViewServices
0x000000000b1e5000 	/System/Library/PrivateFrameworks/UIFoundation.framework/Versions/A/UIFoundation
0x000000000b1e5000 	/usr/lib/libScreenReader.dylib
0x000000000b1e5000 	/System/Library/Frameworks/Accelerate.framework/Versions/A/Accelerate
0x000000000b1e5000 	/System/Library/Frameworks/IOSurface.framework/Versions/A/IOSurface
0x000000000b1e5000 	/System/Library/Frameworks/AudioToolbox.framework/Versions/A/AudioToolbox
0x000000000b1e5000 	/System/Library/Frameworks/AudioUnit.framework/Versions/A/AudioUnit
0x000000000b1e5000 	/System/Library/PrivateFrameworks/DataDetectorsCore.framework/Versions/A/DataDetectorsCore
0x000000000b1e5000 	/System/Library/PrivateFrameworks/DesktopServicesPriv.framework/Versions/A/DesktopServicesPriv
0x000000000b1e5000 	/System/Library/Frameworks/Carbon.framework/Versions/A/Frameworks/HIToolbox.framework/Versions/A/HIToolbox
0x000000000b1e5000 	/System/Library/Frameworks/QuartzCore.framework/Versions/A/QuartzCore
0x000000000b1e5000 	/System/Library/Frameworks/Carbon.framework/Versions/A/Frameworks/SpeechRecognition.framework/Versions/A/SpeechRecognition
0x000000000b1e5000 	/usr/lib/libauto.dylib
0x000000000b1e5000 	/usr/lib/libicucore.A.dylib
0x000000000b1e5000 	/usr/lib/libxml2.2.dylib
0x000000000b1e5000 	/System/Library/PrivateFrameworks/CoreUI.framework/Versions/A/CoreUI
0x000000000b1e5000 	/System/Library/Frameworks/CoreAudio.framework/Versions/A/CoreAudio
0x000000000b1e5000 	/System/Library/Frameworks/DiskArbitration.framework/Versions/A/DiskArbitration
0x000000000b1e5000 	/usr/lib/liblangid.dylib
0x000000000b1e5000 	/System/Library/PrivateFrameworks/MultitouchSupport.framework/Versions/A/MultitouchSupport
0x000000000b1e5000 	/System/Library/Frameworks/IOKit.framework/Versions/A/IOKit
0x000000000b1e5000 	/usr/lib/libDiagnosticMessagesClient.dylib
0x000000000b1e5000 	/System/Library/Frameworks/CoreServices.framework/Versions/A/CoreServices
0x000000000b1e5000 	/System/Library/PrivateFrameworks/PerformanceAnalysis.framework/Versions/A/PerformanceAnalysis
0x000000000b1e5000 	/System/Library/PrivateFrameworks/GenerationalStorage.framework/Versions/A/GenerationalStorage
0x000000000b1e5000 	/System/Library/Frameworks/OpenGL.framework/Versions/A/OpenGL
0x000000000b1e5000 	/System/Library/PrivateFrameworks/Sharing.framework/Versions/A/Sharing
0x000000000b1e5000 	/System/Library/Frameworks/CoreGraphics.framework/Versions/A/CoreGraphics
0x000000000b1e5000 	/System/Library/Frameworks/CoreImage.framework/Versions/A/CoreImage
0x000000000b1e5000 	/System/Library/Frameworks/CoreText.framework/Versions/A/CoreText
0x000000000b1e5000 	/System/Library/Frameworks/ImageIO.framework/Versions/A/ImageIO
0x000000000b1e5000 	/System/Library/PrivateFrameworks/Backup.framework/Versions/A/Backup
0x000000000b1e5000 	/usr/lib/libextension.dylib
0x000000000b1e5000 	/usr/lib/libarchive.2.dylib
0x000000000b1e5000 	/System/Library/Frameworks/CFNetwork.framework/Versions/A/CFNetwork
0x000000000b1e5000 	/System/Library/Frameworks/SystemConfiguration.framework/Versions/A/SystemConfiguration
0x000000000b1e5000 	/usr/lib/libCRFSuite.dylib
0x000000000b1e5000 	/usr/lib/libc++.1.dylib
0x000000000b1e5000 	/usr/lib/libc++abi.dylib
0x000000000b1e5000 	/usr/lib/system/libcache.dylib
0x000000000b1e5000 	/usr/lib/system/libcommonCrypto.dylib
0x000000000b1e5000 	/usr/lib/system/libcompiler_rt.dylib
0x000000000b1e5000 	/usr/lib/system/libcopyfile.dylib
0x000000000b1e5000 	/usr/lib/system/libcorecrypto.dylib
0x000000000b1e5000 	/usr/lib/system/libdispatch.dylib
0x000000000b1e5000 	/usr/lib/system/libdyld.dylib
0x000000000b1e5000 	/usr/lib/system/libkeymgr.dylib
0x000000000b1e5000 	/usr/lib/system/liblaunch.dylib
0x000000000b1e5000 	/usr/lib/system/libmacho.dylib
0x000000000b1e5000 	/usr/lib/system/libquarantine.dylib
0x000000000b1e5000 	/usr/lib/system/libremovefile.dylib
0x000000000b1e5000 	/usr/lib/system/libsystem_asl.dylib
0x000000000b1e5000 	/usr/lib/system/libsystem_blocks.dylib
0x000000000b1e5000 	/usr/lib/system/libsystem_c.dylib
0x000000000b1e5000 	/usr/lib/system/libsystem_configuration.dylib
0x000000000b1e5000 	/usr/lib/system/libsystem_coreservices.dylib
0x000000000b1e5000 	/usr/lib/system/libsystem_coretls.dylib
0x000000000b1e5000 	/usr/lib/system/libsystem_dnssd.dylib
0x000000000b1e5000 	/usr/lib/system/libsystem_info.dylib
0x000000000b1e5000 	/usr/lib/system/libsystem_kernel.dylib
0x000000000b1e5000 	/usr/lib/system/libsystem_m.dylib
0x000000000b1e5000 	/usr/lib/system/libsystem_malloc.dylib
0x000000000b1e5000 	/usr/lib/system/libsystem_network.dylib
0x000000000b1e5000 	/usr/lib/system/libsystem_networkextension.dylib
0x000000000b1e5000 	/usr/lib/system/libsystem_notify.dylib
0x000000000b1e5000 	/usr/lib/system/libsystem_platform.dylib
0x000000000b1e5000 	/usr/lib/system/libsystem_pthread.dylib
0x000000000b1e5000 	/usr/lib/system/libsystem_sandbox.dylib
0x000000000b1e5000 	/usr/lib/system/libsystem_secinit.dylib
0x000000000b1e5000 	/usr/lib/system/libsystem_trace.dylib
0x000000000b1e5000 	/usr/lib/system/libunc.dylib
0x000000000b1e5000 	/usr/lib/system/libunwind.dylib
0x000000000b1e5000 	/usr/lib/system/libxpc.dylib
0x000000000b1e5000 	/usr/lib/libenergytrace.dylib
0x000000000b1e5000 	/usr/lib/libbsm.0.dylib
0x000000000b1e5000 	/usr/lib/system/libkxld.dylib
0x000000000b1e5000 	/usr/lib/libxar.1.dylib
0x000000000b1e5000 	/usr/lib/libsqlite3.dylib
0x000000000b1e5000 	/usr/lib/libpam.2.dylib
0x000000000b1e5000 	/usr/lib/libOpenScriptingUtil.dylib
0x000000000b1e5000 	/usr/lib/libbz2.1.0.dylib
0x000000000b1e5000 	/usr/lib/liblzma.5.dylib
0x000000000b1e5000 	/System/Library/Frameworks/CoreServices.framework/Versions/A/Frameworks/FSEvents.framework/Versions/A/FSEvents
0x000000000b1e5000 	/System/Library/Frameworks/CoreServices.framework/Versions/A/Frameworks/CarbonCore.framework/Versions/A/CarbonCore
0x000000000b1e5000 	/System/Library/Frameworks/CoreServices.framework/Versions/A/Frameworks/Metadata.framework/Versions/A/Metadata
0x000000000b1e5000 	/System/Library/Frameworks/CoreServices.framework/Versions/A/Frameworks/OSServices.framework/Versions/A/OSServices
0x000000000b1e5000 	/System/Library/Frameworks/CoreServices.framework/Versions/A/Frameworks/SearchKit.framework/Versions/A/SearchKit
0x000000000b1e5000 	/System/Library/Frameworks/CoreServices.framework/Versions/A/Frameworks/AE.framework/Versions/A/AE
0x000000000b1e5000 	/System/Library/Frameworks/CoreServices.framework/Versions/A/Frameworks/LaunchServices.framework/Versions/A/LaunchServices
0x000000000b1e5000 	/System/Library/Frameworks/CoreServices.framework/Versions/A/Frameworks/DictionaryServices.framework/Versions/A/DictionaryServices
0x000000000b1e5000 	/System/Library/Frameworks/CoreServices.framework/Versions/A/Frameworks/SharedFileList.framework/Versions/A/SharedFileList
0x000000000b1e5000 	/System/Library/Frameworks/NetFS.framework/Versions/A/NetFS
0x000000000b1e5000 	/System/Library/PrivateFrameworks/NetAuth.framework/Versions/A/NetAuth
0x000000000b1e5000 	/System/Library/PrivateFrameworks/login.framework/Versions/A/Frameworks/loginsupport.framework/Versions/A/loginsupport
0x000000000b1e5000 	/System/Library/PrivateFrameworks/TCC.framework/Versions/A/TCC
0x000000000b1e5000 	/usr/lib/libmecabra.dylib
0x000000000b1e5000 	/System/Library/Frameworks/ApplicationServices.framework/Versions/A/Frameworks/ATS.framework/Versions/A/ATS
0x000000000b1e5000 	/System/Library/Frameworks/ApplicationServices.framework/Versions/A/Frameworks/ColorSync.framework/Versions/A/ColorSync
0x000000000b1e5000 	/System/Library/Frameworks/ApplicationServices.framework/Versions/A/Frameworks/HIServices.framework/Versions/A/HIServices
0x000000000b1e5000 	/System/Library/Frameworks/ApplicationServices.framework/Versions/A/Frameworks/LangAnalysis.framework/Versions/A/LangAnalysis
0x000000000b1e5000 	/System/Library/Frameworks/ApplicationServices.framework/Versions/A/Frameworks/PrintCore.framework/Versions/A/PrintCore
0x000000000b1e5000 	/System/Library/Frameworks/ApplicationServices.framework/Versions/A/Frameworks/QD.framework/Versions/A/QD
0x000000000b1e5000 	/System/Library/Frameworks/ApplicationServices.framework/Versions/A/Frameworks/SpeechSynthesis.framework/Versions/A/SpeechSynthesis
0x000000000b1e5000 	/System/Library/Frameworks/Metal.framework/Versions/A/Metal
0x000000000b1e5000 	/System/Library/Frameworks/Accelerate.framework/Versions/A/Frameworks/vImage.framework/Versions/A/vImage
0x000000000b1e5000 	/System/Library/Frameworks/Accelerate.framework/Versions/A/Frameworks/vecLib.framework/Versions/A/vecLib
0x000000000b1e5000 	/System/Library/Frameworks/Accelerate.framework/Versions/A/Frameworks/vecLib.framework/Versions/A/libvDSP.dylib
0x000000000b1e5000 	/System/Library/Frameworks/Accelerate.framework/Versions/A/Frameworks/vecLib.framework/Versions/A/libvMisc.dylib
0x000000000b1e5000 	/System/Library/Frameworks/Accelerate.framework/Versions/A/Frameworks/vecLib.framework/Versions/A/libLAPACK.dylib
0x000000000b1e5000 	/System/Library/Frameworks/Accelerate.framework/Versions/A/Frameworks/vecLib.framework/Versions/A/libBLAS.dylib
0x000000000b1e5000 	/System/Library/Frameworks/Accelerate.framework/Versions/A/Frameworks/vecLib.framework/Versions/A/libLinearAlgebra.dylib
0x000000000b1e5000 	/System/Library/Frameworks/Accelerate.framework/Versions/A/Frameworks/vecLib.framework/Versions/A/libSparseBLAS.dylib
0x000000000b1e5000 	/System/Library/PrivateFrameworks/GPUCompiler.framework/libmetal_timestamp.dylib
0x000000000b1e5000 	/System/Library/Frameworks/OpenGL.framework/Versions/A/Libraries/libCoreFSCache.dylib
0x000000000b1e5000 	/System/Library/PrivateFrameworks/IOAccelerator.framework/Versions/A/IOAccelerator
0x000000000b1e5000 	/System/Library/Frameworks/ApplicationServices.framework/Versions/A/Frameworks/ATS.framework/Versions/A/Resources/libFontParser.dylib
0x000000000b1e5000 	/System/Library/Frameworks/ApplicationServices.framework/Versions/A/Frameworks/ATS.framework/Versions/A/Resources/libFontRegistry.dylib
0x000000000b1e5000 	/System/Library/PrivateFrameworks/AppleVPA.framework/Versions/A/AppleVPA
0x000000000b1e5000 	/System/Library/PrivateFrameworks/AppleJPEG.framework/Versions/A/AppleJPEG
0x000000000b1e5000 	/System/Library/Frameworks/ImageIO.framework/Versions/A/Resources/libJPEG.dylib
0x000000000b1e5000 	/System/Library/Frameworks/ImageIO.framework/Versions/A/Resources/libTIFF.dylib
0x000000000b1e5000 	/System/Library/Frameworks/ImageIO.framework/Versions/A/Resources/libPng.dylib
0x000000000b1e5000 	/System/Library/Frameworks/ImageIO.framework/Versions/A/Resources/libGIF.dylib
0x000000000b1e5000 	/System/Library/Frameworks/ImageIO.framework/Versions/A/Resources/libJP2.dylib
0x000000000b1e5000 	/System/Library/Frameworks/ImageIO.framework/Versions/A/Resources/libRadiance.dylib
0x000000000b1e5000 	/System/Library/Frameworks/CoreVideo.framework/Versions/A/CoreVideo
0x000000000b1e5000 	/System/Library/Frameworks/OpenGL.framework/Versions/A/Libraries/libGLU.dylib
0x000000000b1e5000 	/System/Library/Frameworks/OpenGL.framework/Versions/A/Libraries/libGFXShared.dylib
0x000000000b1e5000 	/System/Library/Frameworks/OpenGL.framework/Versions/A/Libraries/libGL.dylib
0x000000000b1e5000 	/System/Library/Frameworks/OpenGL.framework/Versions/A/Libraries/libGLImage.dylib
0x000000000b1e5000 	/System/Library/Frameworks/OpenGL.framework/Versions/A/Libraries/libCVMSPluginSupport.dylib
0x000000000b1e5000 	/System/Library/Frameworks/OpenGL.framework/Versions/A/Libraries/libCoreVMClient.dylib
0x000000000b1e5000 	/usr/lib/libcups.2.dylib
0x000000000b1e5000 	/System/Library/Frameworks/Kerberos.framework/Versions/A/Kerberos
0x000000000b1e5000 	/System/Library/Frameworks/GSS.framework/Versions/A/GSS
0x000000000b1e5000 	/usr/lib/libresolv.9.dylib
0x000000000b1e5000 	/usr/lib/libiconv.2.dylib
0x000000000b1e5000 	/System/Library/PrivateFrameworks/Heimdal.framework/Versions/A/Heimdal
0x000000000b1e5000 	/usr/lib/libheimdal-asn1.dylib
0x000000000b1e5000 	/System/Library/Frameworks/OpenDirectory.framework/Versions/A/OpenDirectory
0x000000000b1e5000 	/System/Library/PrivateFrameworks/CommonAuth.framework/Versions/A/CommonAuth
0x000000000b1e5000 	/System/Library/Frameworks/OpenDirectory.framework/Versions/A/Frameworks/CFOpenDirectory.framework/Versions/A/CFOpenDirectory
0x000000000b1e5000 	/System/Library/Frameworks/SecurityFoundation.framework/Versions/A/SecurityFoundation
0x000000000b1e5000 	/System/Library/PrivateFrameworks/LanguageModeling.framework/Versions/A/LanguageModeling
0x000000000b1e5000 	/usr/lib/libmarisa.dylib
0x000000000b1e5000 	/usr/lib/libChineseTokenizer.dylib
0x000000000b1e5000 	/usr/lib/libcmph.dylib
0x000000000b1e5000 	/usr/lib/libcompression.dylib
0x000000000b1e5000 	/System/Library/Frameworks/ServiceManagement.framework/Versions/A/ServiceManagement
0x000000000b1e5000 	/usr/lib/libxslt.1.dylib
0x000000000b1e5000 	/System/Library/Frameworks/Carbon.framework/Versions/A/Frameworks/Ink.framework/Versions/A/Ink
0x000000000b1e5000 	/usr/lib/libFosl_dynamic.dylib
0x000000000b1e5000 	/System/Library/PrivateFrameworks/FaceCore.framework/Versions/A/FaceCore
0x000000000b1e5000 	/System/Library/Frameworks/OpenCL.framework/Versions/A/OpenCL
0x000000000b1e5000 	/System/Library/PrivateFrameworks/CrashReporterSupport.framework/Versions/A/CrashReporterSupport
0x000000000b1e5000 	/System/Library/PrivateFrameworks/IconServices.framework/Versions/A/IconServices
0x000000000b1e5000 	/System/Library/PrivateFrameworks/Apple80211.framework/Versions/A/Apple80211
0x000000000b1e5000 	/System/Library/Frameworks/CoreWLAN.framework/Versions/A/CoreWLAN
0x000000000b1e5000 	/System/Library/Frameworks/IOBluetooth.framework/Versions/A/IOBluetooth
0x000000000b1e5000 	/System/Library/PrivateFrameworks/CoreWiFi.framework/Versions/A/CoreWiFi
0x000000000b1e5000 	/System/Library/Frameworks/CoreBluetooth.framework/Versions/A/CoreBluetooth
0x000000000b1e5000 	/System/Library/PrivateFrameworks/ChunkingLibrary.framework/Versions/A/ChunkingLibrary
0x000000000b1e5000 	/System/Library/PrivateFrameworks/DebugSymbols.framework/Versions/A/DebugSymbols
0x000000000b1e5000 	/System/Library/PrivateFrameworks/CoreSymbolication.framework/Versions/A/CoreSymbolication
0x000000000b1e5000 	/System/Library/PrivateFrameworks/Symbolication.framework/Versions/A/Symbolication
0x000000000b1e5000 	/System/Library/PrivateFrameworks/SpeechRecognitionCore.framework/Versions/A/SpeechRecognitionCore
0x0000000101c00000 	/Library/Java/JavaVirtualMachines/jdk1.8.0_74.jdk/Contents/Home/jre/lib/server/libjvm.dylib
0x000000000b1e5000 	/usr/lib/libstdc++.6.dylib
0x0000000101250000 	/Library/Java/JavaVirtualMachines/jdk1.8.0_74.jdk/Contents/Home/jre/lib/libverify.dylib
0x000000010125e000 	/Library/Java/JavaVirtualMachines/jdk1.8.0_74.jdk/Contents/Home/jre/lib/libjava.dylib
0x0000000101294000 	/Library/Java/JavaVirtualMachines/jdk1.8.0_74.jdk/Contents/Home/jre/lib/libjdwp.dylib
0x00000001012df000 	/Library/Java/JavaVirtualMachines/jdk1.8.0_74.jdk/Contents/Home/jre/lib/libnpt.dylib
0x00000001012ec000 	/Library/Java/JavaVirtualMachines/jdk1.8.0_74.jdk/Contents/Home/jre/lib/libzip.dylib
0x00000001183f5000 	/System/Library/Frameworks/JavaVM.framework/Frameworks/JavaRuntimeSupport.framework/JavaRuntimeSupport
0x0000000118410000 	/System/Library/Frameworks/JavaVM.framework/Versions/A/Frameworks/JavaNativeFoundation.framework/Versions/A/JavaNativeFoundation
0x00000001013f2000 	/System/Library/Frameworks/JavaVM.framework/Versions/A/JavaVM
0x000000000b1e5000 	/System/Library/Frameworks/Carbon.framework/Versions/A/Carbon
0x0000000118425000 	/System/Library/PrivateFrameworks/JavaLaunching.framework/Versions/A/JavaLaunching
0x000000000b1e5000 	/System/Library/Frameworks/Carbon.framework/Versions/A/Frameworks/CommonPanels.framework/Versions/A/CommonPanels
0x000000000b1e5000 	/System/Library/Frameworks/Carbon.framework/Versions/A/Frameworks/Help.framework/Versions/A/Help
0x000000000b1e5000 	/System/Library/Frameworks/Carbon.framework/Versions/A/Frameworks/ImageCapture.framework/Versions/A/ImageCapture
0x000000000b1e5000 	/System/Library/Frameworks/Carbon.framework/Versions/A/Frameworks/OpenScripting.framework/Versions/A/OpenScripting
0x000000000b1e5000 	/System/Library/Frameworks/Carbon.framework/Versions/A/Frameworks/Print.framework/Versions/A/Print
0x000000000b1e5000 	/System/Library/Frameworks/Carbon.framework/Versions/A/Frameworks/SecurityHI.framework/Versions/A/SecurityHI
0x0000000119d46000 	/Library/Java/JavaVirtualMachines/jdk1.8.0_74.jdk/Contents/Home/jre/lib/libdt_socket.dylib
0x0000000119f98000 	/Library/Java/JavaVirtualMachines/jdk1.8.0_74.jdk/Contents/Home/jre/lib/libnet.dylib

VM Arguments:
jvm_args: -agentlib:jdwp=transport=dt_socket,suspend=y,address=localhost:58630 -Dfile.encoding=UTF-8 
java_command: org.eclipse.jdt.internal.junit.runner.RemoteTestRunner -version 3 -port 58629 -testLoaderClass org.eclipse.jdt.internal.junit4.runner.JUnit4TestLoader -loaderpluginname org.eclipse.jdt.junit4.runtime -test Translator_Test:testSimpleWHQuestionTranslation
java_class_path (initial): /Users/tyler/Documents/workspace/English-ASL_prototype/build/classes:/Users/tyler/Documents/workspace/English-ASL_prototype/libs/stanford-corenlp-3.6.0-models.jar:/Users/tyler/Documents/workspace/English-ASL_prototype/libs/stanford-corenlp-3.6.0.jar:/Users/tyler/Documents/workspace/English-ASL_prototype/WebContent/WEB-INF/lib/ejml-0.23.jar:/Users/tyler/Documents/workspace/English-ASL_prototype/WebContent/WEB-INF/lib/hamcrest-core-1.3.jar:/Users/tyler/Documents/workspace/English-ASL_prototype/WebContent/WEB-INF/lib/javax.json.jar:/Users/tyler/Documents/workspace/English-ASL_prototype/WebContent/WEB-INF/lib/joda-time.jar:/Users/tyler/Documents/workspace/English-ASL_prototype/WebContent/WEB-INF/lib/jollyday.jar:/Users/tyler/Documents/workspace/English-ASL_prototype/WebContent/WEB-INF/lib/junit-4.12.jar:/Users/tyler/Documents/workspace/English-ASL_prototype/WebContent/WEB-INF/lib/mockito-all-1.10.19.jar:/Users/tyler/Documents/workspace/English-ASL_prototype/WebContent/WEB-INF/lib/mockito-core-2.0.44-beta.jar:/Users/tyler/Documents/workspace/English-ASL_prototype/WebContent/WEB-INF/lib/mysql-connector-java-5.1.38-bin.jar:/Users/tyler/Documents/workspace/English-ASL_prototype/WebContent/WEB-INF/lib/protobuf.jar:/Users/tyler/Documents/workspace/English-ASL_prototype/WebContent/WEB-INF/lib/slf4j-api.jar:/Users/tyler/Documents/workspace/English-ASL_prototype/WebContent/WEB-INF/lib/stanford-corenlp-3.6.0-models.jar:/Users/tyler/Documents/workspace/English-ASL_prototype/WebContent/WEB-INF/lib/stanford-corenlp-3.6.0.jar:/Users/tyler/Documents/workspace/English-ASL_prototype/WebContent/WEB-INF/lib/xom.jar:/usr/local/apache-tomcat-8.0.32/lib/annotations-api.jar:/usr/local/apache-tomcat-8.0.32/lib/catalina-ant.jar:/usr/local/apache-tomcat-8.0.32/lib/catalina-ha.jar:/usr/local/apache-tomcat-8.0.32/lib/catalina-storeconfig.jar:/usr/local/apache-tomcat-8.0.32/lib/catalina-tribes.jar:/usr/local/apache-tomcat-8.0.32/lib/catalina.jar:/usr/local/apache-tomcat
Launcher Type: SUN_STANDARD

Environment Variables:
PATH=/usr/bin:/bin:/usr/sbin:/sbin
SHELL=/bin/bash

Signal Handlers:
SIGSEGV: [libjvm.dylib+0x5a6855], sa_mask[0]=11111111011111110111111111111111, sa_flags=SA_ONSTACK|SA_RESTART|SA_SIGINFO
SIGBUS: [libjvm.dylib+0x5a6855], sa_mask[0]=11111111011111110111111111111111, sa_flags=SA_RESTART|SA_SIGINFO
SIGFPE: [libjvm.dylib+0x4804ec], sa_mask[0]=11111111011111110111111111111111, sa_flags=SA_RESTART|SA_SIGINFO
SIGPIPE: [libjvm.dylib+0x4804ec], sa_mask[0]=11111111011111110111111111111111, sa_flags=SA_RESTART|SA_SIGINFO
SIGXFSZ: [libjvm.dylib+0x4804ec], sa_mask[0]=11111111011111110111111111111111, sa_flags=SA_RESTART|SA_SIGINFO
SIGILL: [libjvm.dylib+0x4804ec], sa_mask[0]=11111111011111110111111111111111, sa_flags=SA_RESTART|SA_SIGINFO
SIGUSR1: SIG_DFL, sa_mask[0]=00000000000000000000000000000000, sa_flags=none
SIGUSR2: [libjvm.dylib+0x48000a], sa_mask[0]=00100000000000000000000000000000, sa_flags=SA_RESTART|SA_SIGINFO
SIGHUP: [libjvm.dylib+0x47e5e1], sa_mask[0]=11111111011111110111111111111111, sa_flags=SA_RESTART|SA_SIGINFO
SIGINT: [libjvm.dylib+0x47e5e1], sa_mask[0]=11111111011111110111111111111111, sa_flags=SA_RESTART|SA_SIGINFO
SIGTERM: [libjvm.dylib+0x47e5e1], sa_mask[0]=11111111011111110111111111111111, sa_flags=SA_RESTART|SA_SIGINFO
SIGQUIT: [libjvm.dylib+0x47e5e1], sa_mask[0]=11111111011111110111111111111111, sa_flags=SA_RESTART|SA_SIGINFO


---------------  S Y S T E M  ---------------

OS:Bsduname:Darwin 15.3.0 Darwin Kernel Version 15.3.0: Thu Dec 10 18:40:58 PST 2015; root:xnu-3248.30.4~1/RELEASE_X86_64 x86_64
rlimit: STACK 8192k, CORE 0k, NPROC 709, NOFILE 10240, AS infinity
load average:1.76 1.78 1.92

CPU:total 4 (2 cores per cpu, 2 threads per core) family 6 model 69 stepping 1, cmov, cx8, fxsr, mmx, sse, sse2, sse3, ssse3, sse4.1, sse4.2, popcnt, avx, avx2, aes, clmul, erms, rtm, lzcnt, ht, tsc, tscinvbit, bmi1, bmi2

Memory: 4k page, physical 8388608k(158280k free)

/proc/meminfo:


vm_info: Java HotSpot(TM) 64-Bit Server VM (25.74-b02) for bsd-amd64 JRE (1.8.0_74-b02), built on Jan 29 2016 15:32:34 by "java_re" with gcc 4.2.1 (Based on Apple Inc. build 5658) (LLVM build 2336.11.00)

time: Tue Apr  5 22:10:06 2016
elapsed time: 761 seconds (0d 0h 12m 41s)

